app/build/intermediates/manifest_merge_blame_file/release/processReleaseMainManifest/manifest-merger-blame-release-report.txt
1<?xml version="1.0" encoding="utf-8"?>
2<manifest xmlns:android="http://schemas.android.com/apk/res/android"
3    package="dev.asid.activitytracker"
4    android:versionCode="1"
5    android:versionName="1.0" >
6
7    <uses-sdk
8        android:minSdkVersion="24"
9        android:targetSdkVersion="35" />
10
11    <permission
11-->[androidx.core:core:1.15.0] AndroidManifest.xml:22:5-24:47
12        android:name="dev.asid.activitytracker.DYNAMIC_RECEIVER_NOT_EXPORTED_PERMISSION"
12-->[androidx.core:core:1.15.0] AndroidManifest.xml:23:9-81
13        android:protectionLevel="signature" />
13-->[androidx.core:core:1.15.0] AndroidManifest.xml:24:9-44
14
15    <uses-permission android:name="dev.asid.activitytracker.DYNAMIC_RECEIVER_NOT_EXPORTED_PERMISSION" />
15-->[androidx.core:core:1.15.0] AndroidManifest.xml:26:5-97
15-->[androidx.core:core:1.15.0] AndroidManifest.xml:26:22-94
16    <uses-permission android:name="android.permission.REORDER_TASKS" />
16-->[androidx.test:core:1.6.1] AndroidManifest.xml:24:5-72
16-->[androidx.test:core:1.6.1] AndroidManifest.xml:24:22-69
17
18    <queries>
18-->[androidx.test:runner:1.6.1] AndroidManifest.xml:24:5-28:15
19        <package android:name="androidx.test.orchestrator" />
19-->[androidx.test:runner:1.6.1] AndroidManifest.xml:25:9-62
19-->[androidx.test:runner:1.6.1] AndroidManifest.xml:25:18-59
20        <package android:name="androidx.test.services" />
20-->[androidx.test:runner:1.6.1] AndroidManifest.xml:26:9-58
20-->[androidx.test:runner:1.6.1] AndroidManifest.xml:26:18-55
21        <package android:name="com.google.android.apps.common.testing.services" />
21-->[androidx.test:runner:1.6.1] AndroidManifest.xml:27:9-83
21-->[androidx.test:runner:1.6.1] AndroidManifest.xml:27:18-80
22    </queries>
23
24    <application
24-->src\main\AndroidManifest.xml:5:5-29:19
25        android:allowBackup="true"
25-->src\main\AndroidManifest.xml:6:9-35
26        android:appComponentFactory="androidx.core.app.CoreComponentFactory"
26-->[androidx.core:core:1.15.0] AndroidManifest.xml:28:18-86
27        android:dataExtractionRules="@xml/data_extraction_rules"
27-->src\main\AndroidManifest.xml:7:9-65
28        android:extractNativeLibs="false"
29        android:fullBackupContent="@xml/backup_rules"
29-->src\main\AndroidManifest.xml:8:9-54
30        android:icon="@mipmap/ic_launcher"
30-->src\main\AndroidManifest.xml:9:9-43
31        android:label="@string/app_name"
31-->src\main\AndroidManifest.xml:10:9-41
32        android:roundIcon="@mipmap/ic_launcher_round"
32-->src\main\AndroidManifest.xml:11:9-54
33        android:supportsRtl="true"
33-->src\main\AndroidManifest.xml:12:9-35
34        android:theme="@style/Theme.ActivityTracker" >
34-->src\main\AndroidManifest.xml:13:9-53
35        <activity
35-->src\main\AndroidManifest.xml:15:9-17:40
36            android:name="dev.asid.activitytracker.WorkoutListActivity"
36-->src\main\AndroidManifest.xml:16:13-48
37            android:exported="false" />
37-->src\main\AndroidManifest.xml:17:13-37
38        <activity
38-->src\main\AndroidManifest.xml:18:9-20:40
39            android:name="dev.asid.activitytracker.WorkoutActivity"
39-->src\main\AndroidManifest.xml:19:13-44
40            android:exported="false" />
40-->src\main\AndroidManifest.xml:20:13-37
41        <activity
41-->src\main\AndroidManifest.xml:21:9-28:20
42            android:name="dev.asid.activitytracker.MainActivity"
42-->src\main\AndroidManifest.xml:22:13-41
43            android:exported="true" >
43-->src\main\AndroidManifest.xml:23:13-36
44            <intent-filter>
44-->src\main\AndroidManifest.xml:24:13-27:29
45                <action android:name="android.intent.action.MAIN" />
45-->src\main\AndroidManifest.xml:25:17-69
45-->src\main\AndroidManifest.xml:25:25-66
46
47                <category android:name="android.intent.category.LAUNCHER" />
47-->src\main\AndroidManifest.xml:26:17-77
47-->src\main\AndroidManifest.xml:26:27-74
48            </intent-filter>
49        </activity>
50
51        <provider
51-->[androidx.emoji2:emoji2:1.3.0] AndroidManifest.xml:24:9-32:20
52            android:name="androidx.startup.InitializationProvider"
52-->[androidx.emoji2:emoji2:1.3.0] AndroidManifest.xml:25:13-67
53            android:authorities="dev.asid.activitytracker.androidx-startup"
53-->[androidx.emoji2:emoji2:1.3.0] AndroidManifest.xml:26:13-68
54            android:exported="false" >
54-->[androidx.emoji2:emoji2:1.3.0] AndroidManifest.xml:27:13-37
55            <meta-data
55-->[androidx.emoji2:emoji2:1.3.0] AndroidManifest.xml:29:13-31:52
56                android:name="androidx.emoji2.text.EmojiCompatInitializer"
56-->[androidx.emoji2:emoji2:1.3.0] AndroidManifest.xml:30:17-75
57                android:value="androidx.startup" />
57-->[androidx.emoji2:emoji2:1.3.0] AndroidManifest.xml:31:17-49
58            <meta-data
58-->[androidx.lifecycle:lifecycle-process:2.6.2] AndroidManifest.xml:29:13-31:52
59                android:name="androidx.lifecycle.ProcessLifecycleInitializer"
59-->[androidx.lifecycle:lifecycle-process:2.6.2] AndroidManifest.xml:30:17-78
60                android:value="androidx.startup" />
60-->[androidx.lifecycle:lifecycle-process:2.6.2] AndroidManifest.xml:31:17-49
61            <meta-data
61-->[androidx.profileinstaller:profileinstaller:1.4.0] AndroidManifest.xml:29:13-31:52
62                android:name="androidx.profileinstaller.ProfileInstallerInitializer"
62-->[androidx.profileinstaller:profileinstaller:1.4.0] AndroidManifest.xml:30:17-85
63                android:value="androidx.startup" />
63-->[androidx.profileinstaller:profileinstaller:1.4.0] AndroidManifest.xml:31:17-49
64        </provider>
65
66        <activity
66-->[androidx.test:core:1.6.1] AndroidManifest.xml:27:9-34:20
67            android:name="androidx.test.core.app.InstrumentationActivityInvoker$BootstrapActivity"
67-->[androidx.test:core:1.6.1] AndroidManifest.xml:28:13-99
68            android:exported="true"
68-->[androidx.test:core:1.6.1] AndroidManifest.xml:29:13-36
69            android:theme="@style/WhiteBackgroundTheme" >
69-->[androidx.test:core:1.6.1] AndroidManifest.xml:30:13-56
70            <intent-filter android:priority="-100" >
70-->[androidx.test:core:1.6.1] AndroidManifest.xml:31:13-33:29
70-->[androidx.test:core:1.6.1] AndroidManifest.xml:31:28-51
71                <category android:name="android.intent.category.LAUNCHER" />
71-->src\main\AndroidManifest.xml:26:17-77
71-->src\main\AndroidManifest.xml:26:27-74
72            </intent-filter>
73        </activity>
74        <activity
74-->[androidx.test:core:1.6.1] AndroidManifest.xml:35:9-42:20
75            android:name="androidx.test.core.app.InstrumentationActivityInvoker$EmptyActivity"
75-->[androidx.test:core:1.6.1] AndroidManifest.xml:36:13-95
76            android:exported="true"
76-->[androidx.test:core:1.6.1] AndroidManifest.xml:37:13-36
77            android:theme="@style/WhiteBackgroundTheme" >
77-->[androidx.test:core:1.6.1] AndroidManifest.xml:38:13-56
78            <intent-filter android:priority="-100" >
78-->[androidx.test:core:1.6.1] AndroidManifest.xml:31:13-33:29
78-->[androidx.test:core:1.6.1] AndroidManifest.xml:31:28-51
79                <category android:name="android.intent.category.LAUNCHER" />
79-->src\main\AndroidManifest.xml:26:17-77
79-->src\main\AndroidManifest.xml:26:27-74
80            </intent-filter>
81        </activity>
82        <activity
82-->[androidx.test:core:1.6.1] AndroidManifest.xml:43:9-50:20
83            android:name="androidx.test.core.app.InstrumentationActivityInvoker$EmptyFloatingActivity"
83-->[androidx.test:core:1.6.1] AndroidManifest.xml:44:13-103
84            android:exported="true"
84-->[androidx.test:core:1.6.1] AndroidManifest.xml:45:13-36
85            android:theme="@style/WhiteBackgroundDialogTheme" >
85-->[androidx.test:core:1.6.1] AndroidManifest.xml:46:13-62
86            <intent-filter android:priority="-100" >
86-->[androidx.test:core:1.6.1] AndroidManifest.xml:31:13-33:29
86-->[androidx.test:core:1.6.1] AndroidManifest.xml:31:28-51
87                <category android:name="android.intent.category.LAUNCHER" />
87-->src\main\AndroidManifest.xml:26:17-77
87-->src\main\AndroidManifest.xml:26:27-74
88            </intent-filter>
89        </activity>
90
91        <receiver
91-->[androidx.profileinstaller:profileinstaller:1.4.0] AndroidManifest.xml:34:9-52:20
92            android:name="androidx.profileinstaller.ProfileInstallReceiver"
92-->[androidx.profileinstaller:profileinstaller:1.4.0] AndroidManifest.xml:35:13-76
93            android:directBootAware="false"
93-->[androidx.profileinstaller:profileinstaller:1.4.0] AndroidManifest.xml:36:13-44
94            android:enabled="true"
94-->[androidx.profileinstaller:profileinstaller:1.4.0] AndroidManifest.xml:37:13-35
95            android:exported="true"
95-->[androidx.profileinstaller:profileinstaller:1.4.0] AndroidManifest.xml:38:13-36
96            android:permission="android.permission.DUMP" >
96-->[androidx.profileinstaller:profileinstaller:1.4.0] AndroidManifest.xml:39:13-57
97            <intent-filter>
97-->[androidx.profileinstaller:profileinstaller:1.4.0] AndroidManifest.xml:40:13-42:29
98                <action android:name="androidx.profileinstaller.action.INSTALL_PROFILE" />
98-->[androidx.profileinstaller:profileinstaller:1.4.0] AndroidManifest.xml:41:17-91
98-->[androidx.profileinstaller:profileinstaller:1.4.0] AndroidManifest.xml:41:25-88
99            </intent-filter>
100            <intent-filter>
100-->[androidx.profileinstaller:profileinstaller:1.4.0] AndroidManifest.xml:43:13-45:29
101                <action android:name="androidx.profileinstaller.action.SKIP_FILE" />
101-->[androidx.profileinstaller:profileinstaller:1.4.0] AndroidManifest.xml:44:17-85
101-->[androidx.profileinstaller:profileinstaller:1.4.0] AndroidManifest.xml:44:25-82
102            </intent-filter>
103            <intent-filter>
103-->[androidx.profileinstaller:profileinstaller:1.4.0] AndroidManifest.xml:46:13-48:29
104                <action android:name="androidx.profileinstaller.action.SAVE_PROFILE" />
104-->[androidx.profileinstaller:profileinstaller:1.4.0] AndroidManifest.xml:47:17-88
104-->[androidx.profileinstaller:profileinstaller:1.4.0] AndroidManifest.xml:47:25-85
105            </intent-filter>
106            <intent-filter>
106-->[androidx.profileinstaller:profileinstaller:1.4.0] AndroidManifest.xml:49:13-51:29
107                <action android:name="androidx.profileinstaller.action.BENCHMARK_OPERATION" />
107-->[androidx.profileinstaller:profileinstaller:1.4.0] AndroidManifest.xml:50:17-95
107-->[androidx.profileinstaller:profileinstaller:1.4.0] AndroidManifest.xml:50:25-92
108            </intent-filter>
109        </receiver>
110    </application>
111
112</manifest>